<?xml version="1.0" encoding="UTF-8"?>
<!-- Generated by org.testng.reporters.JUnitReportReporter -->
<testsuite hostname="DE01" failures="0" tests="4" name="org.DataDriven.DataDrivenLogin" time="60.763" errors="0" timestamp="08 Feb 2021 06:07:55 GMT" skipped="0">
  <testcase classname="org.DataDriven.DataDrivenLogin" name="loginDate" time="22.286"/>
  <testcase classname="org.DataDriven.DataDrivenLogin" name="loginDate" time="12.657"/>
  <testcase classname="org.DataDriven.DataDrivenLogin" name="loginDate" time="12.700"/>
  <testcase classname="org.DataDriven.DataDrivenLogin" name="loginDate" time="13.120"/>
</testsuite> <!-- org.DataDriven.DataDrivenLogin -->
