<?xml version="1.0" encoding="UTF-8"?>
<!-- Generated by org.testng.reporters.JUnitReportReporter -->
<testsuite hostname="DE01" failures="0" tests="4" name="org.leespring.Credentials2TestNG" time="61.230" errors="0" timestamp="05 Feb 2021 12:27:32 GMT" skipped="0">
  <testcase classname="org.leespring.Credentials2TestNG" name="login1" time="42.389"/>
  <testcase classname="org.leespring.Credentials2TestNG" name="login2" time="7.706"/>
  <testcase classname="org.leespring.Credentials2TestNG" name="login4" time="4.495"/>
  <testcase classname="org.leespring.Credentials2TestNG" name="login3" time="6.640"/>
</testsuite> <!-- org.leespring.Credentials2TestNG -->
